# JRE version: Java(TM) SE Runtime Environment (7.0_80-b15) (build 1.7.0_80-b15)
# Java VM: Java HotSpot(TM) 64-Bit Server VM (24.80-b11 mixed mode linux-amd64 compressed oops)
Heap
 PSYoungGen      total 146944K, used 55264K [0x00000000eaa80000, 0x00000000f7200000, 0x0000000100000000)
  eden space 91648K, 0% used [0x00000000eaa80000,0x00000000eaa80000,0x00000000f0400000)
  from space 55296K, 99% used [0x00000000f0400000,0x00000000f39f8388,0x00000000f3a00000)
  to   space 47104K, 0% used [0x00000000f3a00000,0x00000000f3a00000,0x00000000f6800000)
 ParOldGen       total 158208K, used 93502K [0x00000000c0000000, 0x00000000c9a80000, 0x00000000eaa80000)
  object space 158208K, 59% used [0x00000000c0000000,0x00000000c5b4fbe8,0x00000000c9a80000)
 PSPermGen       total 21504K, used 5734K [0x00000000bae00000, 0x00000000bc300000, 0x00000000c0000000)
  object space 21504K, 26% used [0x00000000bae00000,0x00000000bb399bd0,0x00000000bc300000)
GC Heap History (10 events):
Event: 33.303 GC heap after
Heap after GC invocations=4 (full 0):
 PSYoungGen      total 66048K, used 2544K [0x00000000eaa80000, 0x00000000eed80000, 0x0000000100000000)
  eden space 63488K, 0% used [0x00000000eaa80000,0x00000000eaa80000,0x00000000ee880000)
  from space 2560K, 99% used [0x00000000eeb00000,0x00000000eed7c038,0x00000000eed80000)
  to   space 2560K, 0% used [0x00000000ee880000,0x00000000ee880000,0x00000000eeb00000)
 ParOldGen       total 41472K, used 33910K [0x00000000c0000000, 0x00000000c2880000, 0x00000000eaa80000)
  object space 41472K, 81% used [0x00000000c0000000,0x00000000c211dbe8,0x00000000c2880000)
 PSPermGen       total 21504K, used 5728K [0x00000000bae00000, 0x00000000bc300000, 0x00000000c0000000)
  object space 21504K, 26% used [0x00000000bae00000,0x00000000bb398180,0x00000000bc300000)
}
Event: 33.491 GC heap before
{Heap before GC invocations=5 (full 1):
 PSYoungGen      total 66048K, used 2544K [0x00000000eaa80000, 0x00000000eed80000, 0x0000000100000000)
  eden space 63488K, 0% used [0x00000000eaa80000,0x00000000eaa80000,0x00000000ee880000)
  from space 2560K, 99% used [0x00000000eeb00000,0x00000000eed7c038,0x00000000eed80000)
  to   space 2560K, 0% used [0x00000000ee880000,0x00000000ee880000,0x00000000eeb00000)
 ParOldGen       total 41472K, used 33910K [0x00000000c0000000, 0x00000000c2880000, 0x00000000eaa80000)
  object space 41472K, 81% used [0x00000000c0000000,0x00000000c211dbe8,0x00000000c2880000)
 PSPermGen       total 21504K, used 5728K [0x00000000bae00000, 0x00000000bc300000, 0x00000000c0000000)
  object space 21504K, 26% used [0x00000000bae00000,0x00000000bb398180,0x00000000bc300000)
Event: 36.296 GC heap after
Heap after GC invocations=5 (full 1):
 PSYoungGen      total 66048K, used 0K [0x00000000eaa80000, 0x00000000eed80000, 0x0000000100000000)
  eden space 63488K, 0% used [0x00000000eaa80000,0x00000000eaa80000,0x00000000ee880000)
  from space 2560K, 0% used [0x00000000eeb00000,0x00000000eeb00000,0x00000000eed80000)
  to   space 2560K, 0% used [0x00000000ee880000,0x00000000ee880000,0x00000000eeb00000)
 ParOldGen       total 76288K, used 32906K [0x00000000c0000000, 0x00000000c4a80000, 0x00000000eaa80000)
  object space 76288K, 43% used [0x00000000c0000000,0x00000000c20229a0,0x00000000c4a80000)
 PSPermGen       total 21504K, used 5726K [0x00000000bae00000, 0x00000000bc300000, 0x00000000c0000000)
  object space 21504K, 26% used [0x00000000bae00000,0x00000000bb3979d0,0x00000000bc300000)
}
Event: 36.603 GC heap before
{Heap before GC invocations=6 (full 1):
 PSYoungGen      total 66048K, used 63488K [0x00000000eaa80000, 0x00000000eed80000, 0x0000000100000000)
  eden space 63488K, 100% used [0x00000000eaa80000,0x00000000ee880000,0x00000000ee880000)
  from space 2560K, 0% used [0x00000000eeb00000,0x00000000eeb00000,0x00000000eed80000)
  to   space 2560K, 0% used [0x00000000ee880000,0x00000000ee880000,0x00000000eeb00000)
 ParOldGen       total 76288K, used 32906K [0x00000000c0000000, 0x00000000c4a80000, 0x00000000eaa80000)
  object space 76288K, 43% used [0x00000000c0000000,0x00000000c20229a0,0x00000000c4a80000)
 PSPermGen       total 21504K, used 5726K [0x00000000bae00000, 0x00000000bc300000, 0x00000000c0000000)
  object space 21504K, 26% used [0x00000000bae00000,0x00000000bb3979f0,0x00000000bc300000)
Event: 36.780 GC heap after
Heap after GC invocations=6 (full 1):
 PSYoungGen      total 66048K, used 2541K [0x00000000eaa80000, 0x00000000f6800000, 0x0000000100000000)
  eden space 63488K, 0% used [0x00000000eaa80000,0x00000000eaa80000,0x00000000ee880000)
  from space 2560K, 99% used [0x00000000ee880000,0x00000000eeafb660,0x00000000eeb00000)
  to   space 47104K, 0% used [0x00000000f3a00000,0x00000000f3a00000,0x00000000f6800000)
 ParOldGen       total 80384K, used 79940K [0x00000000c0000000, 0x00000000c4e80000, 0x00000000eaa80000)
  object space 80384K, 99% used [0x00000000c0000000,0x00000000c4e11368,0x00000000c4e80000)
 PSPermGen       total 21504K, used 5726K [0x00000000bae00000, 0x00000000bc300000, 0x00000000c0000000)
  object space 21504K, 26% used [0x00000000bae00000,0x00000000bb3979f0,0x00000000bc300000)
}
Event: 36.780 GC heap before
{Heap before GC invocations=7 (full 2):
 PSYoungGen      total 66048K, used 2541K [0x00000000eaa80000, 0x00000000f6800000, 0x0000000100000000)
  eden space 63488K, 0% used [0x00000000eaa80000,0x00000000eaa80000,0x00000000ee880000)
  from space 2560K, 99% used [0x00000000ee880000,0x00000000eeafb660,0x00000000eeb00000)
  to   space 47104K, 0% used [0x00000000f3a00000,0x00000000f3a00000,0x00000000f6800000)
 ParOldGen       total 80384K, used 79940K [0x00000000c0000000, 0x00000000c4e80000, 0x00000000eaa80000)
  object space 80384K, 99% used [0x00000000c0000000,0x00000000c4e11368,0x00000000c4e80000)
 PSPermGen       total 21504K, used 5726K [0x00000000bae00000, 0x00000000bc300000, 0x00000000c0000000)
  object space 21504K, 26% used [0x00000000bae00000,0x00000000bb3979f0,0x00000000bc300000)
Event: 37.236 GC heap after
Heap after GC invocations=7 (full 2):
 PSYoungGen      total 66048K, used 0K [0x00000000eaa80000, 0x00000000f6800000, 0x0000000100000000)
  eden space 63488K, 0% used [0x00000000eaa80000,0x00000000eaa80000,0x00000000ee880000)
  from space 2560K, 0% used [0x00000000ee880000,0x00000000ee880000,0x00000000eeb00000)
  to   space 47104K, 0% used [0x00000000f3a00000,0x00000000f3a00000,0x00000000f6800000)
 ParOldGen       total 158208K, used 73966K [0x00000000c0000000, 0x00000000c9a80000, 0x00000000eaa80000)
  object space 158208K, 46% used [0x00000000c0000000,0x00000000c483bbe8,0x00000000c9a80000)
 PSPermGen       total 21504K, used 5726K [0x00000000bae00000, 0x00000000bc300000, 0x00000000c0000000)
  object space 21504K, 26% used [0x00000000bae00000,0x00000000bb3979f0,0x00000000bc300000)
}
Event: 37.275 GC heap before
{Heap before GC invocations=8 (full 2):
 PSYoungGen      total 66048K, used 63488K [0x00000000eaa80000, 0x00000000f6800000, 0x0000000100000000)
  eden space 63488K, 100% used [0x00000000eaa80000,0x00000000ee880000,0x00000000ee880000)
  from space 2560K, 0% used [0x00000000ee880000,0x00000000ee880000,0x00000000eeb00000)
  to   space 47104K, 0% used [0x00000000f3a00000,0x00000000f3a00000,0x00000000f6800000)
 ParOldGen       total 158208K, used 73966K [0x00000000c0000000, 0x00000000c9a80000, 0x00000000eaa80000)
  object space 158208K, 46% used [0x00000000c0000000,0x00000000c483bbe8,0x00000000c9a80000)
 PSPermGen       total 21504K, used 5726K [0x00000000bae00000, 0x00000000bc300000, 0x00000000c0000000)
  object space 21504K, 26% used [0x00000000bae00000,0x00000000bb3979f0,0x00000000bc300000)
Event: 38.431 GC heap after
Heap after GC invocations=8 (full 2):
 PSYoungGen      total 138752K, used 41408K [0x00000000eaa80000, 0x00000000f7200000, 0x0000000100000000)
  eden space 91648K, 0% used [0x00000000eaa80000,0x00000000eaa80000,0x00000000f0400000)
  from space 47104K, 87% used [0x00000000f3a00000,0x00000000f6270000,0x00000000f6800000)
  to   space 55296K, 0% used [0x00000000f0400000,0x00000000f0400000,0x00000000f3a00000)
 ParOldGen       total 158208K, used 73966K [0x00000000c0000000, 0x00000000c9a80000, 0x00000000eaa80000)
  object space 158208K, 46% used [0x00000000c0000000,0x00000000c483bbe8,0x00000000c9a80000)
 PSPermGen       total 21504K, used 5726K [0x00000000bae00000, 0x00000000bc300000, 0x00000000c0000000)
  object space 21504K, 26% used [0x00000000bae00000,0x00000000bb3979f0,0x00000000bc300000)
}
Event: 41.564 GC heap before
{Heap before GC invocations=9 (full 2):
 PSYoungGen      total 138752K, used 133056K [0x00000000eaa80000, 0x00000000f7200000, 0x0000000100000000)
  eden space 91648K, 100% used [0x00000000eaa80000,0x00000000f0400000,0x00000000f0400000)
  from space 47104K, 87% used [0x00000000f3a00000,0x00000000f6270000,0x00000000f6800000)
  to   space 55296K, 0% used [0x00000000f0400000,0x00000000f0400000,0x00000000f3a00000)
 ParOldGen       total 158208K, used 73966K [0x00000000c0000000, 0x00000000c9a80000, 0x00000000eaa80000)
  object space 158208K, 46% used [0x00000000c0000000,0x00000000c483bbe8,0x00000000c9a80000)
 PSPermGen       total 21504K, used 5734K [0x00000000bae00000, 0x00000000bc300000, 0x00000000c0000000)
  object space 21504K, 26% used [0x00000000bae00000,0x00000000bb399bd0,0x00000000bc300000)

